This is pdfTeX, Version 3.14159265-2.6-1.40.17 (MiKTeX 2.9.6210 64-bit) (preloaded format=pdflatex 2017.1.14)  26 JAN 2017 22:19
entering extended mode
**./thesis.tex
(thesis.tex
LaTeX2e <2016/03/31> patch level 3
Babel <3.9r> and hyphenation patterns for 75 language(s) loaded.
(usuthesis.cls
Document Class: usuthesis 2016/07/28 Revised USU thesis class
("C:\Program Files\MiKTeX 2.9\tex\latex\base\book.cls"
Document Class: book 2014/09/29 v1.4h Standard LaTeX document class
("C:\Program Files\MiKTeX 2.9\tex\latex\base\bk11.clo"
File: bk11.clo 2014/09/29 v1.4h Standard LaTeX file (size option)
)
\c@part=\count79
\c@chapter=\count80
\c@section=\count81
\c@subsection=\count82
\c@subsubsection=\count83
\c@paragraph=\count84
\c@subparagraph=\count85
\c@figure=\count86
\c@table=\count87
\abovecaptionskip=\skip41
\belowcaptionskip=\skip42
\bibindent=\dimen102
)
("C:\Program Files\MiKTeX 2.9\tex\latex\base\ifthen.sty"
Package: ifthen 2014/09/29 v1.1c Standard LaTeX ifthen package (DPC)
)
("C:\Program Files\MiKTeX 2.9\tex\latex\setspace\setspace.sty"
Package: setspace 2011/12/19 v6.7a set line spacing
)
\c@savemainpageno=\count88
\c@savefrontpageno=\count89
\c@savetotalpageno=\count90

("C:\Program Files\MiKTeX 2.9\tex\latex\geometry\geometry.sty"
Package: geometry 2010/09/12 v5.6 Page Geometry

("C:\Program Files\MiKTeX 2.9\tex\latex\graphics\keyval.sty"
Package: keyval 2014/10/28 v1.15 key=value parser (DPC)
\KV@toks@=\toks14
)
("C:\Program Files\MiKTeX 2.9\tex\generic\oberdiek\ifpdf.sty"
Package: ifpdf 2016/05/14 v3.1 Provides the ifpdf switch
)
("C:\Program Files\MiKTeX 2.9\tex\generic\oberdiek\ifvtex.sty"
Package: ifvtex 2016/05/16 v1.6 Detect VTeX and its facilities (HO)
Package ifvtex Info: VTeX not detected.
)
("C:\Program Files\MiKTeX 2.9\tex\generic\ifxetex\ifxetex.sty"
Package: ifxetex 2010/09/12 v0.6 Provides ifxetex conditional
)
\Gm@cnth=\count91
\Gm@cntv=\count92
\c@Gm@tempcnt=\count93
\Gm@bindingoffset=\dimen103
\Gm@wd@mp=\dimen104
\Gm@odd@mp=\dimen105
\Gm@even@mp=\dimen106
\Gm@layoutwidth=\dimen107
\Gm@layoutheight=\dimen108
\Gm@layouthoffset=\dimen109
\Gm@layoutvoffset=\dimen110
\Gm@dimlist=\toks15

("C:\Program Files\MiKTeX 2.9\tex\latex\geometry\geometry.cfg"))
("C:\Program Files\MiKTeX 2.9\tex\latex\float\float.sty"
Package: float 2001/11/08 v1.3d Float enhancements (AL)
\c@float@type=\count94
\float@exts=\toks16
\float@box=\box26
\@float@everytoks=\toks17
\@floatcapt=\box27
)
\@float@every@alg=\toks18
\c@alg=\count95

("C:\Program Files\MiKTeX 2.9\tex\latex\cite\cite.sty"
LaTeX Info: Redefining \cite on input line 302.
LaTeX Info: Redefining \nocite on input line 332.
Package: cite 2015/02/27  v 5.5
)
("C:\Program Files\MiKTeX 2.9\tex\latex\url\url.sty"
\Urlmuskip=\muskip10
Package: url 2013/09/16  ver 3.4  Verb mode for urls, etc.
))
("C:\Program Files\MiKTeX 2.9\tex\latex\amsmath\amsmath.sty"
Package: amsmath 2016/06/28 v2.15d AMS math features
\@mathmargin=\skip43

For additional information on amsmath, use the `?' option.
("C:\Program Files\MiKTeX 2.9\tex\latex\amsmath\amstext.sty"
Package: amstext 2000/06/29 v2.01 AMS text

("C:\Program Files\MiKTeX 2.9\tex\latex\amsmath\amsgen.sty"
File: amsgen.sty 1999/11/30 v2.0 generic functions
\@emptytoks=\toks19
\ex@=\dimen111
))
("C:\Program Files\MiKTeX 2.9\tex\latex\amsmath\amsbsy.sty"
Package: amsbsy 1999/11/29 v1.2d Bold Symbols
\pmbraise@=\dimen112
)
("C:\Program Files\MiKTeX 2.9\tex\latex\amsmath\amsopn.sty"
Package: amsopn 2016/03/08 v2.02 operator names
)
\inf@bad=\count96
LaTeX Info: Redefining \frac on input line 199.
\uproot@=\count97
\leftroot@=\count98
LaTeX Info: Redefining \overline on input line 297.
\classnum@=\count99
\DOTSCASE@=\count100
LaTeX Info: Redefining \ldots on input line 394.
LaTeX Info: Redefining \dots on input line 397.
LaTeX Info: Redefining \cdots on input line 518.
\Mathstrutbox@=\box28
\strutbox@=\box29
\big@size=\dimen113
LaTeX Font Info:    Redeclaring font encoding OML on input line 634.
LaTeX Font Info:    Redeclaring font encoding OMS on input line 635.
\macc@depth=\count101
\c@MaxMatrixCols=\count102
\dotsspace@=\muskip11
\c@parentequation=\count103
\dspbrk@lvl=\count104
\tag@help=\toks20
\row@=\count105
\column@=\count106
\maxfields@=\count107
\andhelp@=\toks21
\eqnshift@=\dimen114
\alignsep@=\dimen115
\tagshift@=\dimen116
\tagwidth@=\dimen117
\totwidth@=\dimen118
\lineht@=\dimen119
\@envbody=\toks22
\multlinegap=\skip44
\multlinetaggap=\skip45
\mathdisplay@stack=\toks23
LaTeX Info: Redefining \[ on input line 2739.
LaTeX Info: Redefining \] on input line 2740.
)
("C:\Program Files\MiKTeX 2.9\tex\latex\amsfonts\amssymb.sty"
Package: amssymb 2013/01/14 v3.01 AMS font symbols

("C:\Program Files\MiKTeX 2.9\tex\latex\amsfonts\amsfonts.sty"
Package: amsfonts 2013/01/14 v3.01 Basic AMSFonts support
\symAMSa=\mathgroup4
\symAMSb=\mathgroup5
LaTeX Font Info:    Overwriting math alphabet `\mathfrak' in version `bold'
(Font)                  U/euf/m/n --> U/euf/b/n on input line 106.
))
("C:\Program Files\MiKTeX 2.9\tex\latex\graphics\graphicx.sty"
Package: graphicx 2014/10/28 v1.0g Enhanced LaTeX Graphics (DPC,SPQR)

("C:\Program Files\MiKTeX 2.9\tex\latex\graphics\graphics.sty"
Package: graphics 2016/07/10 v1.0t Standard LaTeX Graphics (DPC,SPQR)

("C:\Program Files\MiKTeX 2.9\tex\latex\graphics\trig.sty"
Package: trig 2016/01/03 v1.10 sin cos tan (DPC)
)
("C:\Program Files\MiKTeX 2.9\tex\latex\graphics-cfg\graphics.cfg"
File: graphics.cfg 2016/06/04 v1.11 sample graphics configuration
)
Package graphics Info: Driver file: pdftex.def on input line 99.

("C:\Program Files\MiKTeX 2.9\tex\latex\graphics-def\pdftex.def"
File: pdftex.def 2016/07/10 v0.06j Graphics/color for pdfTeX

("C:\Program Files\MiKTeX 2.9\tex\generic\oberdiek\infwarerr.sty"
Package: infwarerr 2016/05/16 v1.4 Providing info/warning/error messages (HO)
)
("C:\Program Files\MiKTeX 2.9\tex\generic\oberdiek\ltxcmds.sty"
Package: ltxcmds 2016/05/16 v1.23 LaTeX kernel commands for general use (HO)
)
\Gread@gobject=\count108
))
\Gin@req@height=\dimen120
\Gin@req@width=\dimen121
)
("C:\Program Files\MiKTeX 2.9\tex\latex\oberdiek\epstopdf.sty"
Package: epstopdf 2016/05/15 v2.6 Conversion with epstopdf on the fly (HO)

("C:\Program Files\MiKTeX 2.9\tex\latex\oberdiek\epstopdf-base.sty"
Package: epstopdf-base 2016/05/15 v2.6 Base part for package epstopdf

("C:\Program Files\MiKTeX 2.9\tex\latex\oberdiek\grfext.sty"
Package: grfext 2016/05/16 v1.2 Manage graphics extensions (HO)

("C:\Program Files\MiKTeX 2.9\tex\generic\oberdiek\kvdefinekeys.sty"
Package: kvdefinekeys 2016/05/16 v1.4 Define keys (HO)
))
("C:\Program Files\MiKTeX 2.9\tex\latex\oberdiek\kvoptions.sty"
Package: kvoptions 2016/05/16 v3.12 Key value format for package options (HO)

("C:\Program Files\MiKTeX 2.9\tex\generic\oberdiek\kvsetkeys.sty"
Package: kvsetkeys 2016/05/16 v1.17 Key value parser (HO)

("C:\Program Files\MiKTeX 2.9\tex\generic\oberdiek\etexcmds.sty"
Package: etexcmds 2016/05/16 v1.6 Avoid name clashes with e-TeX commands (HO)

("C:\Program Files\MiKTeX 2.9\tex\generic\oberdiek\ifluatex.sty"
Package: ifluatex 2016/05/16 v1.4 Provides the ifluatex switch (HO)
Package ifluatex Info: LuaTeX not detected.
)
Package etexcmds Info: Could not find \expanded.
(etexcmds)             That can mean that you are not using pdfTeX 1.50 or
(etexcmds)             that some package has redefined \expanded.
(etexcmds)             In the latter case, load this package earlier.
)))
("C:\Program Files\MiKTeX 2.9\tex\generic\oberdiek\pdftexcmds.sty"
Package: pdftexcmds 2016/05/21 v0.22 Utility functions of pdfTeX for LuaTeX (HO
)
Package pdftexcmds Info: LuaTeX not detected.
Package pdftexcmds Info: \pdf@primitive is available.
Package pdftexcmds Info: \pdf@ifprimitive is available.
Package pdftexcmds Info: \pdfdraftmode found.
)
Package epstopdf-base Info: Redefining graphics rule for `.eps' on input line 4
38.
Package grfext Info: Graphics extension search list:
(grfext)             [.png,.pdf,.jpg,.mps,.jpeg,.jbig2,.jb2,.PNG,.PDF,.JPG,.JPE
G,.JBIG2,.JB2,.eps]
(grfext)             \AppendGraphicsExtensions on input line 456.
))
("C:\Program Files\MiKTeX 2.9\tex\latex\subfig\subfig.sty"
Package: subfig 2005/06/28 ver: 1.3 subfig package

("C:\Program Files\MiKTeX 2.9\tex\latex\caption\caption.sty"
Package: caption 2016/02/21 v3.3-144 Customizing captions (AR)

("C:\Program Files\MiKTeX 2.9\tex\latex\caption\caption3.sty"
Package: caption3 2016/05/22 v1.7-166 caption3 kernel (AR)
Package caption3 Info: TeX engine: e-TeX on input line 67.
\captionmargin=\dimen122
\captionmargin@=\dimen123
\captionwidth=\dimen124
\caption@tempdima=\dimen125
\caption@indent=\dimen126
\caption@parindent=\dimen127
\caption@hangindent=\dimen128
)
\c@ContinuedFloat=\count109
Package caption Info: float package is loaded.
)
\c@KVtest=\count110
\sf@farskip=\skip46
\sf@captopadj=\dimen129
\sf@capskip=\skip47
\sf@nearskip=\skip48
\c@subfigure=\count111
\c@subfigure@save=\count112
\c@lofdepth=\count113
\c@subtable=\count114
\c@subtable@save=\count115
\c@lotdepth=\count116
\sf@top=\skip49
\sf@bottom=\skip50
)
("C:\Program Files\MiKTeX 2.9\tex\latex\base\flafter.sty"
Package: flafter 2015/09/05 v1.3a Standard LaTeX floats after reference (FMi)
Applying: [2015/01/01] float order in 2-column on input line 49.
Already applied: [0000/00/00] float order in 2-column on input line 151.
)
("C:\Program Files\MiKTeX 2.9\tex\latex\listings\listings.sty"
\lst@mode=\count117
\lst@gtempboxa=\box30
\lst@token=\toks24
\lst@length=\count118
\lst@currlwidth=\dimen130
\lst@column=\count119
\lst@pos=\count120
\lst@lostspace=\dimen131
\lst@width=\dimen132
\lst@newlines=\count121
\lst@lineno=\count122
\lst@maxwidth=\dimen133

("C:\Program Files\MiKTeX 2.9\tex\latex\listings\lstmisc.sty"
File: lstmisc.sty 2015/06/04 1.6 (Carsten Heinz)
\c@lstnumber=\count123
\lst@skipnumbers=\count124
\lst@framebox=\box31
)
("C:\Program Files\MiKTeX 2.9\tex\latex\listings\listings.cfg"
File: listings.cfg 2015/06/04 1.6 listings configuration
))
Package: listings 2015/06/04 1.6 (Carsten Heinz)

("C:\Program Files\MiKTeX 2.9\tex\latex\enumitem\enumitem.sty"
Package: enumitem 2011/09/28 v3.5.2 Customized lists
\labelindent=\skip51
\enit@outerparindent=\dimen134
\enit@toks=\toks25
\enit@inbox=\box32
\enitdp@description=\count125
)
("C:\Program Files\MiKTeX 2.9\tex\latex\pgf\frontendlayer\tikz.sty"
("C:\Program Files\MiKTeX 2.9\tex\latex\pgf\basiclayer\pgf.sty"
("C:\Program Files\MiKTeX 2.9\tex\latex\pgf\utilities\pgfrcs.sty"
("C:\Program Files\MiKTeX 2.9\tex\generic\pgf\utilities\pgfutil-common.tex"
\pgfutil@everybye=\toks26
\pgfutil@tempdima=\dimen135
\pgfutil@tempdimb=\dimen136

("C:\Program Files\MiKTeX 2.9\tex\generic\pgf\utilities\pgfutil-common-lists.te
x")) ("C:\Program Files\MiKTeX 2.9\tex\generic\pgf\utilities\pgfutil-latex.def"
\pgfutil@abb=\box33
("C:\Program Files\MiKTeX 2.9\tex\latex\ms\everyshi.sty"
Package: everyshi 2001/05/15 v3.00 EveryShipout Package (MS)
))
("C:\Program Files\MiKTeX 2.9\tex\generic\pgf\utilities\pgfrcs.code.tex"
Package: pgfrcs 2015/08/07 v3.0.1a (rcs-revision 1.31)
))
Package: pgf 2015/08/07 v3.0.1a (rcs-revision 1.15)

("C:\Program Files\MiKTeX 2.9\tex\latex\pgf\basiclayer\pgfcore.sty"
("C:\Program Files\MiKTeX 2.9\tex\latex\pgf\systemlayer\pgfsys.sty"
("C:\Program Files\MiKTeX 2.9\tex\generic\pgf\systemlayer\pgfsys.code.tex"
Package: pgfsys 2014/07/09 v3.0.1a (rcs-revision 1.48)

("C:\Program Files\MiKTeX 2.9\tex\generic\pgf\utilities\pgfkeys.code.tex"
\pgfkeys@pathtoks=\toks27
\pgfkeys@temptoks=\toks28

("C:\Program Files\MiKTeX 2.9\tex\generic\pgf\utilities\pgfkeysfiltered.code.te
x"
\pgfkeys@tmptoks=\toks29
))
\pgf@x=\dimen137
\pgf@y=\dimen138
\pgf@xa=\dimen139
\pgf@ya=\dimen140
\pgf@xb=\dimen141
\pgf@yb=\dimen142
\pgf@xc=\dimen143
\pgf@yc=\dimen144
\w@pgf@writea=\write3
\r@pgf@reada=\read1
\c@pgf@counta=\count126
\c@pgf@countb=\count127
\c@pgf@countc=\count128
\c@pgf@countd=\count129
\t@pgf@toka=\toks30
\t@pgf@tokb=\toks31
\t@pgf@tokc=\toks32
 ("C:\Program Files\MiKTeX 2.9\tex\generic\pgf\systemlayer\pgf.cfg"
File: pgf.cfg 2008/05/14  (rcs-revision 1.7)
)
Driver file for pgf: pgfsys-pdftex.def

("C:\Program Files\MiKTeX 2.9\tex\generic\pgf\systemlayer\pgfsys-pdftex.def"
File: pgfsys-pdftex.def 2014/10/11  (rcs-revision 1.35)

("C:\Program Files\MiKTeX 2.9\tex\generic\pgf\systemlayer\pgfsys-common-pdf.def
"
File: pgfsys-common-pdf.def 2013/10/10  (rcs-revision 1.13)
)))
("C:\Program Files\MiKTeX 2.9\tex\generic\pgf\systemlayer\pgfsyssoftpath.code.t
ex"
File: pgfsyssoftpath.code.tex 2013/09/09  (rcs-revision 1.9)
\pgfsyssoftpath@smallbuffer@items=\count130
\pgfsyssoftpath@bigbuffer@items=\count131
)
("C:\Program Files\MiKTeX 2.9\tex\generic\pgf\systemlayer\pgfsysprotocol.code.t
ex"
File: pgfsysprotocol.code.tex 2006/10/16  (rcs-revision 1.4)
)) ("C:\Program Files\MiKTeX 2.9\tex\latex\xcolor\xcolor.sty"
Package: xcolor 2016/05/11 v2.12 LaTeX color extensions (UK)

("C:\Program Files\MiKTeX 2.9\tex\latex\graphics-cfg\color.cfg"
File: color.cfg 2016/01/02 v1.6 sample color configuration
)
Package xcolor Info: Driver file: pdftex.def on input line 225.
Package xcolor Info: Model `cmy' substituted by `cmy0' on input line 1348.
Package xcolor Info: Model `hsb' substituted by `rgb' on input line 1352.
Package xcolor Info: Model `RGB' extended on input line 1364.
Package xcolor Info: Model `HTML' substituted by `rgb' on input line 1366.
Package xcolor Info: Model `Hsb' substituted by `hsb' on input line 1367.
Package xcolor Info: Model `tHsb' substituted by `hsb' on input line 1368.
Package xcolor Info: Model `HSB' substituted by `hsb' on input line 1369.
Package xcolor Info: Model `Gray' substituted by `gray' on input line 1370.
Package xcolor Info: Model `wave' substituted by `hsb' on input line 1371.
)
("C:\Program Files\MiKTeX 2.9\tex\generic\pgf\basiclayer\pgfcore.code.tex"
Package: pgfcore 2010/04/11 v3.0.1a (rcs-revision 1.7)

("C:\Program Files\MiKTeX 2.9\tex\generic\pgf\math\pgfmath.code.tex"
("C:\Program Files\MiKTeX 2.9\tex\generic\pgf\math\pgfmathcalc.code.tex"
("C:\Program Files\MiKTeX 2.9\tex\generic\pgf\math\pgfmathutil.code.tex")
("C:\Program Files\MiKTeX 2.9\tex\generic\pgf\math\pgfmathparser.code.tex"
\pgfmath@dimen=\dimen145
\pgfmath@count=\count132
\pgfmath@box=\box34
\pgfmath@toks=\toks33
\pgfmath@stack@operand=\toks34
\pgfmath@stack@operation=\toks35
)
("C:\Program Files\MiKTeX 2.9\tex\generic\pgf\math\pgfmathfunctions.code.tex"
("C:\Program Files\MiKTeX 2.9\tex\generic\pgf\math\pgfmathfunctions.basic.code.
tex")
("C:\Program Files\MiKTeX 2.9\tex\generic\pgf\math\pgfmathfunctions.trigonometr
ic.code.tex")
("C:\Program Files\MiKTeX 2.9\tex\generic\pgf\math\pgfmathfunctions.random.code
.tex")
("C:\Program Files\MiKTeX 2.9\tex\generic\pgf\math\pgfmathfunctions.comparison.
code.tex")
("C:\Program Files\MiKTeX 2.9\tex\generic\pgf\math\pgfmathfunctions.base.code.t
ex")
("C:\Program Files\MiKTeX 2.9\tex\generic\pgf\math\pgfmathfunctions.round.code.
tex")
("C:\Program Files\MiKTeX 2.9\tex\generic\pgf\math\pgfmathfunctions.misc.code.t
ex")
("C:\Program Files\MiKTeX 2.9\tex\generic\pgf\math\pgfmathfunctions.integerarit
hmetics.code.tex")))
("C:\Program Files\MiKTeX 2.9\tex\generic\pgf\math\pgfmathfloat.code.tex"
\c@pgfmathroundto@lastzeros=\count133
))
("C:\Program Files\MiKTeX 2.9\tex\generic\pgf\basiclayer\pgfcorepoints.code.tex
"
File: pgfcorepoints.code.tex 2013/10/07  (rcs-revision 1.27)
\pgf@picminx=\dimen146
\pgf@picmaxx=\dimen147
\pgf@picminy=\dimen148
\pgf@picmaxy=\dimen149
\pgf@pathminx=\dimen150
\pgf@pathmaxx=\dimen151
\pgf@pathminy=\dimen152
\pgf@pathmaxy=\dimen153
\pgf@xx=\dimen154
\pgf@xy=\dimen155
\pgf@yx=\dimen156
\pgf@yy=\dimen157
\pgf@zx=\dimen158
\pgf@zy=\dimen159
)
("C:\Program Files\MiKTeX 2.9\tex\generic\pgf\basiclayer\pgfcorepathconstruct.c
ode.tex"
File: pgfcorepathconstruct.code.tex 2013/10/07  (rcs-revision 1.29)
\pgf@path@lastx=\dimen160
\pgf@path@lasty=\dimen161
)
("C:\Program Files\MiKTeX 2.9\tex\generic\pgf\basiclayer\pgfcorepathusage.code.
tex"
File: pgfcorepathusage.code.tex 2014/11/02  (rcs-revision 1.24)
\pgf@shorten@end@additional=\dimen162
\pgf@shorten@start@additional=\dimen163
)
("C:\Program Files\MiKTeX 2.9\tex\generic\pgf\basiclayer\pgfcorescopes.code.tex
"
File: pgfcorescopes.code.tex 2015/05/08  (rcs-revision 1.46)
\pgfpic=\box35
\pgf@hbox=\box36
\pgf@layerbox@main=\box37
\pgf@picture@serial@count=\count134
)
("C:\Program Files\MiKTeX 2.9\tex\generic\pgf\basiclayer\pgfcoregraphicstate.co
de.tex"
File: pgfcoregraphicstate.code.tex 2014/11/02  (rcs-revision 1.12)
\pgflinewidth=\dimen164
)
("C:\Program Files\MiKTeX 2.9\tex\generic\pgf\basiclayer\pgfcoretransformations
.code.tex"
File: pgfcoretransformations.code.tex 2015/08/07  (rcs-revision 1.20)
\pgf@pt@x=\dimen165
\pgf@pt@y=\dimen166
\pgf@pt@temp=\dimen167
)
("C:\Program Files\MiKTeX 2.9\tex\generic\pgf\basiclayer\pgfcorequick.code.tex"
File: pgfcorequick.code.tex 2008/10/09  (rcs-revision 1.3)
)
("C:\Program Files\MiKTeX 2.9\tex\generic\pgf\basiclayer\pgfcoreobjects.code.te
x"
File: pgfcoreobjects.code.tex 2006/10/11  (rcs-revision 1.2)
)
("C:\Program Files\MiKTeX 2.9\tex\generic\pgf\basiclayer\pgfcorepathprocessing.
code.tex"
File: pgfcorepathprocessing.code.tex 2013/09/09  (rcs-revision 1.9)
)
("C:\Program Files\MiKTeX 2.9\tex\generic\pgf\basiclayer\pgfcorearrows.code.tex
"
File: pgfcorearrows.code.tex 2015/05/14  (rcs-revision 1.43)
\pgfarrowsep=\dimen168
)
("C:\Program Files\MiKTeX 2.9\tex\generic\pgf\basiclayer\pgfcoreshade.code.tex"
File: pgfcoreshade.code.tex 2013/07/15  (rcs-revision 1.15)
\pgf@max=\dimen169
\pgf@sys@shading@range@num=\count135
) ("C:\Program Files\MiKTeX 2.9\tex\generic\pgf\basiclayer\pgfcoreimage.code.te
x"
File: pgfcoreimage.code.tex 2013/07/15  (rcs-revision 1.18)

("C:\Program Files\MiKTeX 2.9\tex\generic\pgf\basiclayer\pgfcoreexternal.code.t
ex"
File: pgfcoreexternal.code.tex 2014/07/09  (rcs-revision 1.21)
\pgfexternal@startupbox=\box38
))
("C:\Program Files\MiKTeX 2.9\tex\generic\pgf\basiclayer\pgfcorelayers.code.tex
"
File: pgfcorelayers.code.tex 2013/07/18  (rcs-revision 1.7)
)
("C:\Program Files\MiKTeX 2.9\tex\generic\pgf\basiclayer\pgfcoretransparency.co
de.tex"
File: pgfcoretransparency.code.tex 2013/09/30  (rcs-revision 1.5)
)
("C:\Program Files\MiKTeX 2.9\tex\generic\pgf\basiclayer\pgfcorepatterns.code.t
ex"
File: pgfcorepatterns.code.tex 2013/11/07  (rcs-revision 1.5)
)))
("C:\Program Files\MiKTeX 2.9\tex\generic\pgf\modules\pgfmoduleshapes.code.tex"
File: pgfmoduleshapes.code.tex 2014/03/21  (rcs-revision 1.35)
\pgfnodeparttextbox=\box39
) ("C:\Program Files\MiKTeX 2.9\tex\generic\pgf\modules\pgfmoduleplot.code.tex"
File: pgfmoduleplot.code.tex 2015/08/03  (rcs-revision 1.13)
)
("C:\Program Files\MiKTeX 2.9\tex\latex\pgf\compatibility\pgfcomp-version-0-65.
sty"
Package: pgfcomp-version-0-65 2007/07/03 v3.0.1a (rcs-revision 1.7)
\pgf@nodesepstart=\dimen170
\pgf@nodesepend=\dimen171
)
("C:\Program Files\MiKTeX 2.9\tex\latex\pgf\compatibility\pgfcomp-version-1-18.
sty"
Package: pgfcomp-version-1-18 2007/07/23 v3.0.1a (rcs-revision 1.1)
)) ("C:\Program Files\MiKTeX 2.9\tex\latex\pgf\utilities\pgffor.sty"
("C:\Program Files\MiKTeX 2.9\tex\latex\pgf\utilities\pgfkeys.sty"
("C:\Program Files\MiKTeX 2.9\tex\generic\pgf\utilities\pgfkeys.code.tex"))
("C:\Program Files\MiKTeX 2.9\tex\latex\pgf\math\pgfmath.sty"
("C:\Program Files\MiKTeX 2.9\tex\generic\pgf\math\pgfmath.code.tex"))
("C:\Program Files\MiKTeX 2.9\tex\generic\pgf\utilities\pgffor.code.tex"
Package: pgffor 2013/12/13 v3.0.1a (rcs-revision 1.25)

("C:\Program Files\MiKTeX 2.9\tex\generic\pgf\math\pgfmath.code.tex")
\pgffor@iter=\dimen172
\pgffor@skip=\dimen173
\pgffor@stack=\toks36
\pgffor@toks=\toks37
))
("C:\Program Files\MiKTeX 2.9\tex\generic\pgf\frontendlayer\tikz\tikz.code.tex"
Package: tikz 2015/08/07 v3.0.1a (rcs-revision 1.151)

("C:\Program Files\MiKTeX 2.9\tex\generic\pgf\libraries\pgflibraryplothandlers.
code.tex"
File: pgflibraryplothandlers.code.tex 2013/08/31 v3.0.1a (rcs-revision 1.20)
\pgf@plot@mark@count=\count136
\pgfplotmarksize=\dimen174
)
\tikz@lastx=\dimen175
\tikz@lasty=\dimen176
\tikz@lastxsaved=\dimen177
\tikz@lastysaved=\dimen178
\tikzleveldistance=\dimen179
\tikzsiblingdistance=\dimen180
\tikz@figbox=\box40
\tikz@figbox@bg=\box41
\tikz@tempbox=\box42
\tikz@tempbox@bg=\box43
\tikztreelevel=\count137
\tikznumberofchildren=\count138
\tikznumberofcurrentchild=\count139
\tikz@fig@count=\count140

("C:\Program Files\MiKTeX 2.9\tex\generic\pgf\modules\pgfmodulematrix.code.tex"
File: pgfmodulematrix.code.tex 2013/09/17  (rcs-revision 1.8)
\pgfmatrixcurrentrow=\count141
\pgfmatrixcurrentcolumn=\count142
\pgf@matrix@numberofcolumns=\count143
)
\tikz@expandcount=\count144

("C:\Program Files\MiKTeX 2.9\tex\generic\pgf\frontendlayer\tikz\libraries\tikz
librarytopaths.code.tex"
File: tikzlibrarytopaths.code.tex 2008/06/17 v3.0.1a (rcs-revision 1.2)
)))
("C:\Program Files\MiKTeX 2.9\tex\latex\tkz-euclide\tkz-euclide.sty"
Package: tkz-euclide 2011/06/01 1.16 c for plots 2d 

("C:\Program Files\MiKTeX 2.9\tex\latex\tkz-base\tkz-base.sty"
Package: tkz-base 2011/06/01 1.16 c tkz-base

("C:\Program Files\MiKTeX 2.9\tex\latex\etex-pkg\etex.sty"
Package: etex 2016/08/01 v2.7 eTeX basic definition package (PEB,DPC)
\et@xins=\count145
)
("C:\Program Files\MiKTeX 2.9\tex\generic\pgf\frontendlayer\tikz\libraries\tikz
librarycalc.code.tex"
File: tikzlibrarycalc.code.tex 2013/07/15 v3.0.1a (rcs-revision 1.9)
)
("C:\Program Files\MiKTeX 2.9\tex\generic\pgf\frontendlayer\tikz\libraries\tikz
libraryarrows.code.tex"
File: tikzlibraryarrows.code.tex 2008/01/09 v3.0.1a (rcs-revision 1.1)

("C:\Program Files\MiKTeX 2.9\tex\generic\pgf\libraries\pgflibraryarrows.code.t
ex"
File: pgflibraryarrows.code.tex 2013/09/23 v3.0.1a (rcs-revision 1.16)
\arrowsize=\dimen181
))
("C:\Program Files\MiKTeX 2.9\tex\generic\pgf\frontendlayer\tikz\libraries\tikz
libraryplotmarks.code.tex"
File: tikzlibraryplotmarks.code.tex 2008/01/09 v3.0.1a (rcs-revision 1.1)

("C:\Program Files\MiKTeX 2.9\tex\generic\pgf\libraries\pgflibraryplotmarks.cod
e.tex"
File: pgflibraryplotmarks.code.tex 2015/08/03 v3.0.1a (rcs-revision 1.14)
))
("C:\Program Files\MiKTeX 2.9\tex\generic\pgf\frontendlayer\tikz\libraries\tikz
librarypositioning.code.tex"
File: tikzlibrarypositioning.code.tex 2008/10/06 v3.0.1a (rcs-revision 1.7)
)
("C:\Program Files\MiKTeX 2.9\tex\generic\pgf\frontendlayer\tikz\libraries\tikz
libraryshapes.misc.code.tex"
File: tikzlibraryshapes.misc.code.tex 2008/01/09 v3.0.1a (rcs-revision 1.1)

("C:\Program Files\MiKTeX 2.9\tex\generic\pgf\libraries\shapes\pgflibraryshapes
.misc.code.tex"
File: pgflibraryshapes.misc.code.tex 2013/07/18 v3.0.1a (rcs-revision 1.5)
))
("C:\Program Files\MiKTeX 2.9\tex\generic\pgf\frontendlayer\tikz\libraries\tikz
librarydecorations.code.tex"
("C:\Program Files\MiKTeX 2.9\tex\generic\pgf\modules\pgfmoduledecorations.code
.tex"
\pgfdecoratedcompleteddistance=\dimen182
\pgfdecoratedremainingdistance=\dimen183
\pgfdecoratedinputsegmentcompleteddistance=\dimen184
\pgfdecoratedinputsegmentremainingdistance=\dimen185
\pgf@decorate@distancetomove=\dimen186
\pgf@decorate@repeatstate=\count146
\pgfdecorationsegmentamplitude=\dimen187
\pgfdecorationsegmentlength=\dimen188
)
\tikz@lib@dec@box=\box44
)
("C:\Program Files\MiKTeX 2.9\tex\generic\pgf\frontendlayer\tikz\libraries\tikz
librarydecorations.markings.code.tex"
("C:\Program Files\MiKTeX 2.9\tex\generic\pgf\libraries\decorations\pgflibraryd
ecorations.markings.code.tex"))
("C:\Program Files\MiKTeX 2.9\tex\generic\pgf\frontendlayer\tikz\libraries\tikz
librarydecorations.pathreplacing.code.tex"
("C:\Program Files\MiKTeX 2.9\tex\generic\pgf\libraries\decorations\pgflibraryd
ecorations.pathreplacing.code.tex"))
("C:\Program Files\MiKTeX 2.9\tex\generic\pgf\frontendlayer\tikz\libraries\tikz
librarypatterns.code.tex"
File: tikzlibrarypatterns.code.tex 2008/01/15 v3.0.1a (rcs-revision 1.2)

("C:\Program Files\MiKTeX 2.9\tex\generic\pgf\libraries\pgflibrarypatterns.code
.tex"
File: pgflibrarypatterns.code.tex 2008/03/03 v3.0.1a (rcs-revision 1.13)
)) ("C:\Program Files\MiKTeX 2.9\tex\latex\numprint\numprint.sty"
Package: numprint 2012/08/20 v1.39 Print numbers (HH)

("C:\Program Files\MiKTeX 2.9\tex\latex\tools\array.sty"
Package: array 2014/10/28 v2.4c Tabular extension package (FMi)
\col@sep=\dimen189
\extrarowheight=\dimen190
\NC@list=\toks38
\extratabsurround=\skip52
\backup@length=\skip53
)
\c@nprt@mantissa@digitsbefore=\count147
\c@nprt@mantissa@digitsafter=\count148
\c@nprt@exponent@digitsbefore=\count149
\c@nprt@exponent@digitsafter=\count150
\nprt@digitwidth=\skip54
\nprt@sepwidth=\skip55
\nprt@decimalwidth=\skip56
\nprt@blockwidth=\skip57
\nprt@digittoks=\toks39
\nprt@pretoks=\toks40
\nprt@posttoks=\toks41
\nprt@thisdigit=\count151
\nprt@curpos=\count152
\nprt@rndpos=\count153
\c@nprt@digitsfirstblock=\count154
\c@nprt@blockcnt=\count155
\c@nprt@cntprint=\count156

No configuration file `numprint.cfg' found.)
("C:\Program Files\MiKTeX 2.9\tex\latex\fp\fp.sty"
Package: fp 1995/04/02

`Fixed Point Package', Version 0.8, April 2, 1995 (C) Michael Mehlich
("C:\Program Files\MiKTeX 2.9\tex\latex\fp\defpattern.sty"
Package: defpattern 1994/10/12
\actioncount=\count157
)
("C:\Program Files\MiKTeX 2.9\tex\latex\fp\fp-basic.sty"
Package: fp-basic 1996/05/13
\FP@xs=\count158
\FP@xia=\count159
\FP@xib=\count160
\FP@xfa=\count161
\FP@xfb=\count162
\FP@rega=\count163
\FP@regb=\count164
\FP@regs=\count165
\FP@times=\count166
)
("C:\Program Files\MiKTeX 2.9\tex\latex\fp\fp-addons.sty"
Package: fp-addons 1995/03/15
)
("C:\Program Files\MiKTeX 2.9\tex\latex\fp\fp-snap.sty"
Package: fp-snap 1995/04/05
)
("C:\Program Files\MiKTeX 2.9\tex\latex\fp\fp-exp.sty"
Package: fp-exp 1995/04/03
)
("C:\Program Files\MiKTeX 2.9\tex\latex\fp\fp-trigo.sty"
Package: fp-trigo 1995/04/14
)
("C:\Program Files\MiKTeX 2.9\tex\latex\fp\fp-pas.sty"
Package: fp-pas 1994/08/29
)
("C:\Program Files\MiKTeX 2.9\tex\latex\fp\fp-random.sty"
Package: fp-random 1995/02/23
\FPseed=\count167
)
("C:\Program Files\MiKTeX 2.9\tex\latex\fp\fp-eqn.sty"
Package: fp-eqn 1995/04/03
)
("C:\Program Files\MiKTeX 2.9\tex\latex\fp\fp-upn.sty"
Package: fp-upn 1996/10/21
)
("C:\Program Files\MiKTeX 2.9\tex\latex\fp\fp-eval.sty"
Package: fp-eval 1995/04/03
))
\tkzRadius=\dimen191
\tkzLength=\dimen192
\tkz@radi=\dimen193
\tkz@ax=\dimen194
\tkz@ay=\dimen195
\tkz@bx=\dimen196
\tkz@by=\dimen197
\tkz@cx=\dimen198
\tkz@cy=\dimen199
Normal \dimen register pool exhausted, switching to extended pool.
\tkz@dx=\dimen256
\tkz@dy=\dimen257

("C:\Program Files\MiKTeX 2.9\tex\latex\tkz-base\tkz-tools-utilities.tex")
("C:\Program Files\MiKTeX 2.9\tex\latex\tkz-base\tkz-tools-arith.tex"
File: tkz-tool-arith.tex tkz-tool-arith 1.161 c
)
("C:\Program Files\MiKTeX 2.9\tex\latex\tkz-base\tkz-tools-base.tex")
("C:\Program Files\MiKTeX 2.9\tex\latex\tkz-base\tkz-tools-misc.tex")
("C:\Program Files\MiKTeX 2.9\tex\latex\tkz-base\tkz-tools-math.tex")
("C:\Program Files\MiKTeX 2.9\tex\latex\tkz-base\tkz-obj-points.tex")
("C:\Program Files\MiKTeX 2.9\tex\latex\tkz-base\tkz-obj-segments.tex")
("C:\Program Files\MiKTeX 2.9\tex\latex\tkz-base\tkz-obj-marks.tex"
\tkz@cntmk=\count168
))
("C:\Program Files\MiKTeX 2.9\tex\latex\tkz-euclide\tkz-tools-intersections.tex
")
("C:\Program Files\MiKTeX 2.9\tex\latex\tkz-euclide\tkz-tools-transformations.t
ex") ("C:\Program Files\MiKTeX 2.9\tex\latex\tkz-euclide\tkz-obj-lines.tex")
("C:\Program Files\MiKTeX 2.9\tex\latex\tkz-euclide\tkz-lib-symbols.tex")
("C:\Program Files\MiKTeX 2.9\tex\latex\tkz-euclide\tkz-obj-circles.tex")
("C:\Program Files\MiKTeX 2.9\tex\latex\tkz-euclide\tkz-obj-addpoints.tex"))
("C:\Program Files\MiKTeX 2.9\tex\latex\tkz-euclide\tkz-obj-polygons.tex")
("C:\Program Files\MiKTeX 2.9\tex\latex\tkz-euclide\tkz-obj-vectors.tex")
("C:\Program Files\MiKTeX 2.9\tex\latex\tkz-euclide\tkz-obj-arcs.tex")
("C:\Program Files\MiKTeX 2.9\tex\latex\tkz-euclide\tkz-obj-sectors.tex")
("C:\Program Files\MiKTeX 2.9\tex\latex\tkz-euclide\tkz-obj-angles.tex")
("C:\Program Files\MiKTeX 2.9\tex\latex\tkz-euclide\tkz-obj-protractor.tex")
("C:\Program Files\MiKTeX 2.9\tex\generic\pgf\frontendlayer\tikz\libraries\tikz
libraryshapes.code.tex"
File: tikzlibraryshapes.code.tex 2008/01/09 v3.0.1a (rcs-revision 1.1)

("C:\Program Files\MiKTeX 2.9\tex\generic\pgf\frontendlayer\tikz\libraries\tikz
libraryshapes.geometric.code.tex"
File: tikzlibraryshapes.geometric.code.tex 2008/01/09 v3.0.1a (rcs-revision 1.1
)

("C:\Program Files\MiKTeX 2.9\tex\generic\pgf\libraries\shapes\pgflibraryshapes
.geometric.code.tex"
File: pgflibraryshapes.geometric.code.tex 2008/06/26 v3.0.1a (rcs-revision 1.1)

))
("C:\Program Files\MiKTeX 2.9\tex\generic\pgf\frontendlayer\tikz\libraries\tikz
libraryshapes.symbols.code.tex"
File: tikzlibraryshapes.symbols.code.tex 2008/01/09 v3.0.1a (rcs-revision 1.1)

("C:\Program Files\MiKTeX 2.9\tex\generic\pgf\libraries\shapes\pgflibraryshapes
.symbols.code.tex"
File: pgflibraryshapes.symbols.code.tex 2013/09/11 v3.0.1a (rcs-revision 1.6)
))
("C:\Program Files\MiKTeX 2.9\tex\generic\pgf\frontendlayer\tikz\libraries\tikz
libraryshapes.arrows.code.tex"
File: tikzlibraryshapes.arrows.code.tex 2008/01/09 v3.0.1a (rcs-revision 1.1)

("C:\Program Files\MiKTeX 2.9\tex\generic\pgf\libraries\shapes\pgflibraryshapes
.arrows.code.tex"
File: pgflibraryshapes.arrows.code.tex 2008/06/26 v3.0.1a (rcs-revision 1.1)
))
("C:\Program Files\MiKTeX 2.9\tex\generic\pgf\frontendlayer\tikz\libraries\tikz
libraryshapes.callouts.code.tex"
("C:\Program Files\MiKTeX 2.9\tex\generic\pgf\libraries\shapes\pgflibraryshapes
.callouts.code.tex"))
("C:\Program Files\MiKTeX 2.9\tex\generic\pgf\frontendlayer\tikz\libraries\tikz
libraryshapes.multipart.code.tex"
File: tikzlibraryshapes.multipart.code.tex 2008/01/09 v3.0.1a (rcs-revision 1.1
)

("C:\Program Files\MiKTeX 2.9\tex\generic\pgf\libraries\shapes\pgflibraryshapes
.multipart.code.tex"
File: pgflibraryshapes.multipart.code.tex 2010/01/07 v3.0.1a (rcs-revision 1.2)

\pgfnodepartlowerbox=\box45
\pgfnodeparttwobox=\box46
\pgfnodepartthreebox=\box47
\pgfnodepartfourbox=\box48
\pgfnodeparttwentybox=\box49
\pgfnodepartnineteenbox=\box50
\pgfnodeparteighteenbox=\box51
\pgfnodepartseventeenbox=\box52
\pgfnodepartsixteenbox=\box53
\pgfnodepartfifteenbox=\box54
\pgfnodepartfourteenbox=\box55
\pgfnodepartthirteenbox=\box56
\pgfnodeparttwelvebox=\box57
\pgfnodepartelevenbox=\box58
\pgfnodeparttenbox=\box59
\pgfnodepartninebox=\box60
\pgfnodeparteightbox=\box61
\pgfnodepartsevenbox=\box62
\pgfnodepartsixbox=\box63
\pgfnodepartfivebox=\box64
)))
("C:\Program Files\MiKTeX 2.9\tex\latex\circuitikz\circuitikz.sty"
Package: circuitikz 2016/09/08{} The CircuiTikz circuit drawing package version
 0.7

("C:\Program Files\MiKTeX 2.9\tex\generic\circuitikz\pgfcirc.defines.tex"
\pgf@circ@res@up=\dimen258
\pgf@circ@res@down=\dimen259
\pgf@circ@res@zero=\dimen260
\pgf@circ@res@left=\dimen261
\pgf@circ@res@right=\dimen262
\pgf@circ@res@other=\dimen263
\pgf@circ@res@step=\dimen264
\pgf@circ@res@temp=\dimen265
\pgfstartlinewidth=\dimen266
\pgf@circ@Rlen=\dimen267
)
("C:\Program Files\MiKTeX 2.9\tex\generic\circuitikz\pgfcircutils.tex")
("C:\Program Files\MiKTeX 2.9\tex\generic\circuitikz\pgfcircmath.tex")
("C:\Program Files\MiKTeX 2.9\tex\generic\circuitikz\pgfcircshapes.tex")
("C:\Program Files\MiKTeX 2.9\tex\generic\circuitikz\pgfcircmonopoles.tex")
("C:\Program Files\MiKTeX 2.9\tex\generic\circuitikz\pgfcircbipoles.tex")
("C:\Program Files\MiKTeX 2.9\tex\generic\circuitikz\pgfcirctripoles.tex")
("C:\Program Files\MiKTeX 2.9\tex\generic\circuitikz\pgfcircquadpoles.tex")
("C:\Program Files\MiKTeX 2.9\tex\generic\circuitikz\pgfcirclabel.tex")
("C:\Program Files\MiKTeX 2.9\tex\generic\circuitikz\pgfcircvoltage.tex")
("C:\Program Files\MiKTeX 2.9\tex\generic\circuitikz\pgfcirccurrent.tex")
("C:\Program Files\MiKTeX 2.9\tex\generic\circuitikz\pgfcircpath.tex"))
("C:\Program Files\MiKTeX 2.9\tex\latex\pgfplots\pgfplots.sty"
("C:\Program Files\MiKTeX 2.9\tex\generic\pgfplots\pgfplots.revision.tex")
Package: pgfplots 2016/08/10 v1.14 Data Visualization (1.14)

("C:\Program Files\MiKTeX 2.9\tex\generic\pgfplots\pgfplots.code.tex"
("C:\Program Files\MiKTeX 2.9\tex\generic\pgfplots\pgfplotscore.code.tex"
\t@pgfplots@toka=\toks42
\t@pgfplots@tokb=\toks43
\t@pgfplots@tokc=\toks44
\pgfplots@tmpa=\dimen268
\c@pgfplots@coordindex=\count169
\c@pgfplots@scanlineindex=\count170

("C:\Program Files\MiKTeX 2.9\tex\generic\pgfplots\sys\pgfplotssysgeneric.code.
tex"))
("C:\Program Files\MiKTeX 2.9\tex\generic\pgfplots\libs\pgfplotslibrary.code.te
x")
("C:\Program Files\MiKTeX 2.9\tex\generic\pgfplots\oldpgfcompatib\pgfplotsoldpg
fsupp_loader.code.tex"
("C:\Program Files\MiKTeX 2.9\tex\generic\pgf\libraries\pgflibraryfpu.code.tex"
)
Package pgfplots: loading complementary arithmetics for your pgf version...

("C:\Program Files\MiKTeX 2.9\tex\generic\pgfplots\oldpgfcompatib\pgfplotsoldpg
fsupp_pgflibraryfpu.code.tex")
("C:\Program Files\MiKTeX 2.9\tex\generic\pgfplots\oldpgfcompatib\pgfplotsoldpg
fsupp_pgfmathfloat.code.tex"
\c@pgfmathroundto@lastzeros=\count171
))
("C:\Program Files\MiKTeX 2.9\tex\generic\pgfplots\util\pgfplotsutil.code.tex"
("C:\Program Files\MiKTeX 2.9\tex\generic\pgfplots\liststructure\pgfplotslistst
ructure.code.tex")
("C:\Program Files\MiKTeX 2.9\tex\generic\pgfplots\liststructure\pgfplotslistst
ructureext.code.tex")
("C:\Program Files\MiKTeX 2.9\tex\generic\pgfplots\liststructure\pgfplotsarray.
code.tex"
\c@pgfplotsarray@tmp=\count172
)
("C:\Program Files\MiKTeX 2.9\tex\generic\pgfplots\liststructure\pgfplotsmatrix
.code.tex")
("C:\Program Files\MiKTeX 2.9\tex\generic\pgfplots\numtable\pgfplotstableshared
.code.tex"
\c@pgfplotstable@counta=\count173
\t@pgfplotstable@a=\toks45
)
("C:\Program Files\MiKTeX 2.9\tex\generic\pgfplots\liststructure\pgfplotsdeque.
code.tex")
("C:\Program Files\MiKTeX 2.9\tex\generic\pgfplots\util\pgfplotsbinary.code.tex
"
("C:\Program Files\MiKTeX 2.9\tex\generic\pgfplots\util\pgfplotsbinary.data.cod
e.tex"))
("C:\Program Files\MiKTeX 2.9\tex\generic\pgfplots\util\pgfplotsutil.verb.code.
tex")
("C:\Program Files\MiKTeX 2.9\tex\generic\pgfplots\libs\pgflibrarypgfplots.surf
shading.code.tex"
\c@pgfplotslibrarysurf@no=\count174

("C:\Program Files\MiKTeX 2.9\tex\generic\pgfplots\sys\pgflibrarypgfplots.surfs
hading.pgfsys-pdftex.def")))
("C:\Program Files\MiKTeX 2.9\tex\generic\pgfplots\util\pgfplotscolormap.code.t
ex"
("C:\Program Files\MiKTeX 2.9\tex\generic\pgfplots\util\pgfplotscolor.code.tex"
))
("C:\Program Files\MiKTeX 2.9\tex\generic\pgfplots\pgfplotsstackedplots.code.te
x")
("C:\Program Files\MiKTeX 2.9\tex\generic\pgfplots\pgfplotsplothandlers.code.te
x"
("C:\Program Files\MiKTeX 2.9\tex\generic\pgfplots\pgfplotsmeshplothandler.code
.tex"
("C:\Program Files\MiKTeX 2.9\tex\generic\pgfplots\pgfplotsmeshplotimage.code.t
ex")))
("C:\Program Files\MiKTeX 2.9\tex\generic\pgfplots\pgfplots.scaling.code.tex")
("C:\Program Files\MiKTeX 2.9\tex\generic\pgfplots\pgfplotscoordprocessing.code
.tex")
("C:\Program Files\MiKTeX 2.9\tex\generic\pgfplots\pgfplots.errorbars.code.tex"
) ("C:\Program Files\MiKTeX 2.9\tex\generic\pgfplots\pgfplots.markers.code.tex"
) ("C:\Program Files\MiKTeX 2.9\tex\generic\pgfplots\pgfplotsticks.code.tex")
("C:\Program Files\MiKTeX 2.9\tex\generic\pgfplots\pgfplots.paths.code.tex")
("C:\Program Files\MiKTeX 2.9\tex\generic\pgf\frontendlayer\tikz\libraries\tikz
librarydecorations.pathmorphing.code.tex"
("C:\Program Files\MiKTeX 2.9\tex\generic\pgf\libraries\decorations\pgflibraryd
ecorations.pathmorphing.code.tex"))
\pgfplots@numplots=\count175
\pgfplots@xmin@reg=\dimen269
\pgfplots@xmax@reg=\dimen270
\pgfplots@ymin@reg=\dimen271
\pgfplots@ymax@reg=\dimen272
\pgfplots@zmin@reg=\dimen273
\pgfplots@zmax@reg=\dimen274
))
("C:\Program Files\MiKTeX 2.9\tex\latex\hyperref\hyperref.sty"
Package: hyperref 2016/06/24 v6.83q Hypertext links for LaTeX

("C:\Program Files\MiKTeX 2.9\tex\generic\oberdiek\hobsub-hyperref.sty"
Package: hobsub-hyperref 2016/05/16 v1.14 Bundle oberdiek, subset hyperref (HO)


("C:\Program Files\MiKTeX 2.9\tex\generic\oberdiek\hobsub-generic.sty"
Package: hobsub-generic 2016/05/16 v1.14 Bundle oberdiek, subset generic (HO)
Package: hobsub 2016/05/16 v1.14 Construct package bundles (HO)
Package hobsub Info: Skipping package `infwarerr' (already loaded).
Package hobsub Info: Skipping package `ltxcmds' (already loaded).
Package hobsub Info: Skipping package `ifluatex' (already loaded).
Package hobsub Info: Skipping package `ifvtex' (already loaded).
Package: intcalc 2016/05/16 v1.2 Expandable calculations with integers (HO)
Package hobsub Info: Skipping package `ifpdf' (already loaded).
Package hobsub Info: Skipping package `etexcmds' (already loaded).
Package hobsub Info: Skipping package `kvsetkeys' (already loaded).
Package hobsub Info: Skipping package `kvdefinekeys' (already loaded).
Package hobsub Info: Skipping package `pdftexcmds' (already loaded).
Package: pdfescape 2016/05/16 v1.14 Implements pdfTeX's escape features (HO)
Package: bigintcalc 2016/05/16 v1.4 Expandable calculations on big integers (HO
)
Package: bitset 2016/05/16 v1.2 Handle bit-vector datatype (HO)
Package: uniquecounter 2016/05/16 v1.3 Provide unlimited unique counter (HO)
)
Package hobsub Info: Skipping package `hobsub' (already loaded).
Package: letltxmacro 2016/05/16 v1.5 Let assignment for LaTeX macros (HO)
Package: hopatch 2016/05/16 v1.3 Wrapper for package hooks (HO)
Package: xcolor-patch 2016/05/16 xcolor patch
Package: atveryend 2016/05/16 v1.9 Hooks at the very end of document (HO)
Package atveryend Info: \enddocument detected (standard20110627).
Package: atbegshi 2016/06/09 v1.18 At begin shipout hook (HO)
Package: refcount 2016/05/16 v3.5 Data extraction from label references (HO)
Package: hycolor 2016/05/16 v1.8 Color options for hyperref/bookmark (HO)
)
("C:\Program Files\MiKTeX 2.9\tex\latex\oberdiek\auxhook.sty"
Package: auxhook 2016/05/16 v1.4 Hooks for auxiliary files (HO)
)
\@linkdim=\dimen275
\Hy@linkcounter=\count176
\Hy@pagecounter=\count177

("C:\Program Files\MiKTeX 2.9\tex\latex\hyperref\pd1enc.def"
File: pd1enc.def 2016/06/24 v6.83q Hyperref: PDFDocEncoding definition (HO)
)
\Hy@SavedSpaceFactor=\count178

("C:\Program Files\MiKTeX 2.9\tex\latex\00miktex\hyperref.cfg"
File: hyperref.cfg 2002/06/06 v1.2 hyperref configuration of TeXLive
)
Package hyperref Info: Hyper figures OFF on input line 4486.
Package hyperref Info: Link nesting OFF on input line 4491.
Package hyperref Info: Hyper index ON on input line 4494.
Package hyperref Info: Plain pages OFF on input line 4501.
Package hyperref Info: Backreferencing OFF on input line 4506.
Package hyperref Info: Implicit mode ON; LaTeX internals redefined.
Package hyperref Info: Bookmarks ON on input line 4735.
\c@Hy@tempcnt=\count179
LaTeX Info: Redefining \url on input line 5088.
\XeTeXLinkMargin=\dimen276
\Fld@menulength=\count180
\Field@Width=\dimen277
\Fld@charsize=\dimen278
Package hyperref Info: Hyper figures OFF on input line 6342.
Package hyperref Info: Link nesting OFF on input line 6347.
Package hyperref Info: Hyper index ON on input line 6350.
Package hyperref Info: backreferencing OFF on input line 6357.
Package hyperref Info: Link coloring OFF on input line 6362.
Package hyperref Info: Link coloring with OCG OFF on input line 6367.
Package hyperref Info: PDF/A mode OFF on input line 6372.
LaTeX Info: Redefining \ref on input line 6412.
LaTeX Info: Redefining \pageref on input line 6416.
\Hy@abspage=\count181
\c@Item=\count182
\c@Hfootnote=\count183
)

Package hyperref Message: Driver (autodetected): hpdftex.

("C:\Program Files\MiKTeX 2.9\tex\latex\hyperref\hpdftex.def"
File: hpdftex.def 2016/06/24 v6.83q Hyperref driver for pdfTeX
\Fld@listcount=\count184
\c@bookmark@seq@number=\count185

("C:\Program Files\MiKTeX 2.9\tex\latex\oberdiek\rerunfilecheck.sty"
Package: rerunfilecheck 2016/05/16 v1.8 Rerun checks for auxiliary files (HO)
Package uniquecounter Info: New unique counter `rerunfilecheck' on input line 2
82.
)
\Hy@SectionHShift=\skip58
)
Package hyperref Info: Option `colorlinks' set `true' on input line 69.

("C:\Program Files\MiKTeX 2.9\tex\latex\doi\doi.sty"
Package: doi 2007/07/24 handle doi numbers
) (thesis.aux (abstract.aux) (publicabstract.aux) (dedication.aux) (acknowl.aux
) (acronyms.aux)
(INTRODUCTION.aux) (background.aux) (SENSORS.aux) (SIMULATION.aux) (RESULTS.aux
) (discussion.aux) (CONCLUSION.aux))
\openout1 = `thesis.aux'.

LaTeX Font Info:    Checking defaults for OML/cmm/m/it on input line 105.
LaTeX Font Info:    ... okay on input line 105.
LaTeX Font Info:    Checking defaults for T1/cmr/m/n on input line 105.
LaTeX Font Info:    ... okay on input line 105.
LaTeX Font Info:    Checking defaults for OT1/cmr/m/n on input line 105.
LaTeX Font Info:    ... okay on input line 105.
LaTeX Font Info:    Checking defaults for OMS/cmsy/m/n on input line 105.
LaTeX Font Info:    ... okay on input line 105.
LaTeX Font Info:    Checking defaults for OMX/cmex/m/n on input line 105.
LaTeX Font Info:    ... okay on input line 105.
LaTeX Font Info:    Checking defaults for U/cmr/m/n on input line 105.
LaTeX Font Info:    ... okay on input line 105.
LaTeX Font Info:    Checking defaults for PD1/pdf/m/n on input line 105.
LaTeX Font Info:    ... okay on input line 105.

*geometry* driver: auto-detecting
*geometry* detected driver: pdftex
*geometry* verbose mode - [ preamble ] result:
* driver: pdftex
* paper: letterpaper
* layout: <same size as paper>
* layoutoffset:(h,v)=(0.0pt,0.0pt)
* bindingoffset: 36.135pt
* modes: includehead includefoot truedimen 
* h-part:(L,W,R)=(72.26999pt, 433.62003pt, 72.26999pt)
* v-part:(T,H,B)=(72.26999pt, 650.43001pt, 72.26999pt)
* \paperwidth=614.295pt
* \paperheight=794.96999pt
* \textwidth=433.62003pt
* \textheight=625.83pt
* \oddsidemargin=36.135pt
* \evensidemargin=0.0pt
* \topmargin=0.0pt
* \headheight=11.0pt
* \headsep=13.6pt
* \topskip=11.0pt
* \footskip=0.0pt
* \marginparwidth=62.0pt
* \marginparsep=7.0pt
* \columnsep=10.0pt
* \skip\footins=10.0pt plus 4.0pt minus 2.0pt
* \hoffset=0.0pt
* \voffset=0.0pt
* \mag=1000
* \@twocolumnfalse
* \@twosidefalse
* \@mparswitchfalse
* \@reversemarginfalse
* (1in=72.27pt=25.4mm, 1cm=28.453pt)

("C:\Program Files\MiKTeX 2.9\tex\context\base\supp-pdf.mkii"
[Loading MPS to PDF converter (version 2006.09.02).]
\scratchcounter=\count186
\scratchdimen=\dimen279
\scratchbox=\box65
\nofMPsegments=\count187
\nofMParguments=\count188
\everyMPshowfont=\toks46
\MPscratchCnt=\count189
\MPscratchDim=\dimen280
\MPnumerator=\count190
\makeMPintoPDFobject=\count191
\everyMPtoPDFconversion=\toks47
)
Package caption Info: Begin \AtBeginDocument code.
Package caption Info: subfig package v1.3 is loaded.
Package caption Info: hyperref package is loaded.
Package caption Info: listings package is loaded.
Package caption Info: End \AtBeginDocument code.
\c@lstlisting=\count192
 ABD: EveryShipout initializing macros
Package pgfplots notification 'compat/show suggested version=true': you might b
enefit from \pgfplotsset{compat=1.14} (current compat level: 1.6).

\AtBeginShipoutBox=\box66
Package hyperref Info: Link coloring ON on input line 105.
("C:\Program Files\MiKTeX 2.9\tex\latex\hyperref\nameref.sty"
Package: nameref 2016/05/21 v2.44 Cross-referencing by name of section

("C:\Program Files\MiKTeX 2.9\tex\generic\oberdiek\gettitlestring.sty"
Package: gettitlestring 2016/05/16 v1.5 Cleanup title references (HO)
)
\c@section@level=\count193
)
LaTeX Info: Redefining \ref on input line 105.
LaTeX Info: Redefining \pageref on input line 105.
LaTeX Info: Redefining \nameref on input line 105.

(thesis.out) (thesis.out)
\@outlinefile=\write4
\openout4 = `thesis.out'.

 [1

{C:/ProgramData/MiKTeX/2.9/pdftex/config/pdftex.map}]
LaTeX Font Info:    Try loading font information for OMS+cmr on input line 110.

 ("C:\Program Files\MiKTeX 2.9\tex\latex\base\omscmr.fd"
File: omscmr.fd 2014/09/29 v2.5h Standard LaTeX font definitions
)
LaTeX Font Info:    Font shape `OMS/cmr/m/n' in size <10.95> not available
(Font)              Font shape `OMS/cmsy/m/n' tried instead on input line 110.
 [2

]
\openout2 = `abstract.aux'.

 (abstract.tex
Underfull \hbox (badness 10000) in paragraph at lines 10--10

 []


Package hyperref Warning: Suppressing link with empty target on input line 16.

) [3


]
\openout2 = `publicabstract.aux'.

 (publicabstract.tex) [4


]
\openout2 = `dedication.aux'.

 (dedication.tex [5


])
\openout2 = `acknowl.aux'.

 (acknowl.tex [6




])
(thesis.toc
LaTeX Font Info:    Try loading font information for U+msa on input line 1.
 ("C:\Program Files\MiKTeX 2.9\tex\latex\amsfonts\umsa.fd"
File: umsa.fd 2013/01/14 v3.01 AMS symbols A
)
LaTeX Font Info:    Try loading font information for U+msb on input line 1.

("C:\Program Files\MiKTeX 2.9\tex\latex\amsfonts\umsb.fd"
File: umsb.fd 2013/01/14 v3.01 AMS symbols B
) [7



])
\tf@toc=\write5
\openout5 = `thesis.toc'.

 [8]
!! List of Figures...!!
(thesis.lof)
\tf@lof=\write6
\openout6 = `thesis.lof'.

 [9

]
\openout2 = `acronyms.aux'.

 (acronyms.tex [10


])
\openout2 = `INTRODUCTION.aux'.

 (INTRODUCTION.tex
CHAPTER 1.
[1




] <./figures/./Diagrams/AP_UAV.png, id=282, 2656.52475pt x 1249.66875pt>
File: ./figures/./Diagrams/AP_UAV.png Graphic file (type png)

<use ./figures/./Diagrams/AP_UAV.png>
Package pdftex.def Info: ./figures/./Diagrams/AP_UAV.png used on input line 12.

(pdftex.def)             Requested size: 199.23076pt x 93.7211pt.

<./figures/./Diagrams/OOSM.pdf, id=284, 584.1825pt x 330.03299pt>
File: ./figures/./Diagrams/OOSM.pdf Graphic file (type pdf)

<use ./figures/./Diagrams/OOSM.pdf>
Package pdftex.def Info: ./figures/./Diagrams/OOSM.pdf used on input line 22.
(pdftex.def)             Requested size: 216.14413pt x 122.11028pt.
 [2 <./figures/./Diagrams/AP_UAV.png> <./figures/./Diagrams/OOSM.pdf>] [3] [4])
 [5]
\openout2 = `background.aux'.


No file background.tex.
\openout2 = `SENSORS.aux'.

(SENSORS.tex
CHAPTER 2.
[6





] [7] [8] [9]
Underfull \hbox (badness 10000) in paragraph at lines 60--61

 []

[10] [11] [12] [13] [14] [15] [16] [17] [18] [19] [20] [21] [22] [23] [24]
[25] [26] [27] [28] [29]
Underfull \hbox (badness 10000) in paragraph at lines 633--636

 []

[30] [31]) [32]
\openout2 = `SIMULATION.aux'.

 (SIMULATION.tex
CHAPTER 3.
Package epstopdf Info: Source file: <./figures/./Simulink/system_overview.eps>
(epstopdf)                    date: 2014-10-29 01:30:54
(epstopdf)                    size: 60694 bytes
(epstopdf)             Output file: <./figures/./Simulink/system_overview-eps-c
onverted-to.pdf>
(epstopdf)                    date: 2014-10-29 01:31:52
(epstopdf)                    size: 20515 bytes
(epstopdf)             Command: <epstopdf --outfile=./figures/./Simulink/system
_overview-eps-converted-to.pdf ./figures/./Simulink/system_overview.eps>
(epstopdf)             \includegraphics on input line 9.
Package epstopdf Info: Output file is already uptodate.

<./figures/./Simulink/system_overview-eps-converted-to.pdf, id=579, 425.59pt x 
200.75pt>
File: ./figures/./Simulink/system_overview-eps-converted-to.pdf Graphic file (t
ype pdf)
 <use ./figures/./Simulink/system_overview-eps-converted-to.pdf>
Package pdftex.def Info: ./figures/./Simulink/system_overview-eps-converted-to.
pdf used on input line 9.
(pdftex.def)             Requested size: 383.02745pt x 180.67331pt.

[33



 <./figures/./Simulink/system_overview-eps-converted-to.pdf>]
Package epstopdf Info: Source file: <./figures/./Simulink/Simulink_AP.eps>
(epstopdf)                    date: 2014-11-07 04:40:54
(epstopdf)                    size: 94767 bytes
(epstopdf)             Output file: <./figures/./Simulink/Simulink_AP-eps-conve
rted-to.pdf>
(epstopdf)                    date: 2014-11-07 04:41:38
(epstopdf)                    size: 25618 bytes
(epstopdf)             Command: <epstopdf --outfile=./figures/./Simulink/Simuli
nk_AP-eps-converted-to.pdf ./figures/./Simulink/Simulink_AP.eps>
(epstopdf)             \includegraphics on input line 20.
Package epstopdf Info: Output file is already uptodate.

<./figures/./Simulink/Simulink_AP-eps-converted-to.pdf, id=618, 717.68124pt x 4
03.5075pt>
File: ./figures/./Simulink/Simulink_AP-eps-converted-to.pdf Graphic file (type 
pdf)
 <use ./figures/./Simulink/Simulink_AP-eps-converted-to.pdf>
Package pdftex.def Info: ./figures/./Simulink/Simulink_AP-eps-converted-to.pdf 
used on input line 20.
(pdftex.def)             Requested size: 437.78491pt x 246.1392pt.

Overfull \hbox (4.16489pt too wide) in paragraph at lines 20--22
[][]
 []

[34 <./figures/./Simulink/Simulink_AP-eps-converted-to.pdf>] [35]
Package epstopdf Info: Source file: <./figures/./Simulink/3Dplot.eps>
(epstopdf)                    date: 2014-10-30 01:16:30
(epstopdf)                    size: 8585724 bytes
(epstopdf)             Output file: <./figures/./Simulink/3Dplot-eps-converted-
to.pdf>
(epstopdf)                    date: 2014-10-30 01:17:16
(epstopdf)                    size: 44560 bytes
(epstopdf)             Command: <epstopdf --outfile=./figures/./Simulink/3Dplot
-eps-converted-to.pdf ./figures/./Simulink/3Dplot.eps>
(epstopdf)             \includegraphics on input line 43.
Package epstopdf Info: Output file is already uptodate.

<./figures/./Simulink/3Dplot-eps-converted-to.pdf, id=673, 547.04375pt x 602.25
pt>
File: ./figures/./Simulink/3Dplot-eps-converted-to.pdf Graphic file (type pdf)
 <use ./figures/./Simulink/3Dplot-eps-converted-to.pdf>
Package pdftex.def Info: ./figures/./Simulink/3Dplot-eps-converted-to.pdf used 
on input line 43.
(pdftex.def)             Requested size: 382.92801pt x 421.57211pt.
) [36 <./figures/./Simulink/3Dplot-eps-converted-to.pdf>]
\openout2 = `RESULTS.aux'.

 (RESULTS.tex
CHAPTER 4.
Package epstopdf Info: Source file: <./figures/./Results/GPS_vs_GPS+Cam/uav_tra
jectory.eps>
(epstopdf)                    date: 2014-11-21 23:08:38
(epstopdf)                    size: 87953 bytes
(epstopdf)             Output file: <./figures/./Results/GPS_vs_GPS+Cam/uav_tra
jectory-eps-converted-to.pdf>
(epstopdf)                    date: 2014-11-21 23:31:30
(epstopdf)                    size: 26547 bytes
(epstopdf)             Command: <epstopdf --outfile=./figures/./Results/GPS_vs_
GPS+Cam/uav_trajectory-eps-converted-to.pdf ./figures/./Results/GPS_vs_GPS+Cam/
uav_trajectory.eps>
(epstopdf)             \includegraphics on input line 11.
Package epstopdf Info: Output file is already uptodate.

<./figures/./Results/GPS_vs_GPS+Cam/uav_trajectory-eps-converted-to.pdf, id=690
, 1175.39125pt x 575.14874pt>
File: ./figures/./Results/GPS_vs_GPS+Cam/uav_trajectory-eps-converted-to.pdf Gr
aphic file (type pdf)

<use ./figures/./Results/GPS_vs_GPS+Cam/uav_trajectory-eps-converted-to.pdf>
Package pdftex.def Info: ./figures/./Results/GPS_vs_GPS+Cam/uav_trajectory-eps-
converted-to.pdf used on input line 11.
(pdftex.def)             Requested size: 470.14818pt x 230.05542pt.

Overfull \hbox (36.52815pt too wide) in paragraph at lines 11--12
 [][] 
 []

[37



]
Package epstopdf Info: Source file: <./figures/./Results/GPS_vs_GPS+Cam/north_c
omparison.eps>
(epstopdf)                    date: 2014-11-21 23:17:30
(epstopdf)                    size: 338602 bytes
(epstopdf)             Output file: <./figures/./Results/GPS_vs_GPS+Cam/north_c
omparison-eps-converted-to.pdf>
(epstopdf)                    date: 2014-11-21 23:31:30
(epstopdf)                    size: 141331 bytes
(epstopdf)             Command: <epstopdf --outfile=./figures/./Results/GPS_vs_
GPS+Cam/north_comparison-eps-converted-to.pdf ./figures/./Results/GPS_vs_GPS+Ca
m/north_comparison.eps>
(epstopdf)             \includegraphics on input line 17.
Package epstopdf Info: Output file is already uptodate.

<./figures/./Results/GPS_vs_GPS+Cam/north_comparison-eps-converted-to.pdf, id=6
95, 1180.41pt x 586.19pt>
File: ./figures/./Results/GPS_vs_GPS+Cam/north_comparison-eps-converted-to.pdf 
Graphic file (type pdf)

<use ./figures/./Results/GPS_vs_GPS+Cam/north_comparison-eps-converted-to.pdf>
Package pdftex.def Info: ./figures/./Results/GPS_vs_GPS+Cam/north_comparison-ep
s-converted-to.pdf used on input line 17.
(pdftex.def)             Requested size: 472.15564pt x 234.47185pt.

Overfull \hbox (38.53561pt too wide) in paragraph at lines 17--18
 [][] 
 []

Package epstopdf Info: Source file: <./figures/./Results/GPS_vs_GPS+Cam/east_co
mparison.eps>
(epstopdf)                    date: 2014-11-21 23:23:52
(epstopdf)                    size: 334914 bytes
(epstopdf)             Output file: <./figures/./Results/GPS_vs_GPS+Cam/east_co
mparison-eps-converted-to.pdf>
(epstopdf)                    date: 2014-11-21 23:31:30
(epstopdf)                    size: 138857 bytes
(epstopdf)             Command: <epstopdf --outfile=./figures/./Results/GPS_vs_
GPS+Cam/east_comparison-eps-converted-to.pdf ./figures/./Results/GPS_vs_GPS+Cam
/east_comparison.eps>
(epstopdf)             \includegraphics on input line 23.
Package epstopdf Info: Output file is already uptodate.

<./figures/./Results/GPS_vs_GPS+Cam/east_comparison-eps-converted-to.pdf, id=69
6, 1180.41pt x 586.19pt>
File: ./figures/./Results/GPS_vs_GPS+Cam/east_comparison-eps-converted-to.pdf G
raphic file (type pdf)

<use ./figures/./Results/GPS_vs_GPS+Cam/east_comparison-eps-converted-to.pdf>
Package pdftex.def Info: ./figures/./Results/GPS_vs_GPS+Cam/east_comparison-eps
-converted-to.pdf used on input line 23.
(pdftex.def)             Requested size: 472.15564pt x 234.47185pt.

Overfull \hbox (38.53561pt too wide) in paragraph at lines 23--24
 [][] 
 []

[38 <./figures/./Results/GPS_vs_GPS+Cam/uav_trajectory-eps-converted-to.pdf> <.
/figures/./Results/GPS_vs_GPS+Cam/north_comparison-eps-converted-to.pdf>]
Package epstopdf Info: Source file: <./figures/./Results/GPS_vs_GPS+Cam/azimuth
_comparison.eps>
(epstopdf)                    date: 2014-11-21 23:27:12
(epstopdf)                    size: 159952 bytes
(epstopdf)             Output file: <./figures/./Results/GPS_vs_GPS+Cam/azimuth
_comparison-eps-converted-to.pdf>
(epstopdf)                    date: 2014-11-21 23:31:32
(epstopdf)                    size: 96118 bytes
(epstopdf)             Command: <epstopdf --outfile=./figures/./Results/GPS_vs_
GPS+Cam/azimuth_comparison-eps-converted-to.pdf ./figures/./Results/GPS_vs_GPS+
Cam/azimuth_comparison.eps>
(epstopdf)             \includegraphics on input line 29.
Package epstopdf Info: Output file is already uptodate.

<./figures/./Results/GPS_vs_GPS+Cam/azimuth_comparison-eps-converted-to.pdf, id
=723, 1180.41pt x 586.19pt>
File: ./figures/./Results/GPS_vs_GPS+Cam/azimuth_comparison-eps-converted-to.pd
f Graphic file (type pdf)

<use ./figures/./Results/GPS_vs_GPS+Cam/azimuth_comparison-eps-converted-to.pdf
>
Package pdftex.def Info: ./figures/./Results/GPS_vs_GPS+Cam/azimuth_comparison-
eps-converted-to.pdf used on input line 29.
(pdftex.def)             Requested size: 472.15564pt x 234.47185pt.

Overfull \hbox (38.53561pt too wide) in paragraph at lines 29--30
 [][] 
 []

Package epstopdf Info: Source file: <./figures/./Results/GPS_vs_GPS+Cam/elevati
on_comparison.eps>
(epstopdf)                    date: 2014-11-21 23:30:14
(epstopdf)                    size: 167192 bytes
(epstopdf)             Output file: <./figures/./Results/GPS_vs_GPS+Cam/elevati
on_comparison-eps-converted-to.pdf>
(epstopdf)                    date: 2014-11-21 23:31:32
(epstopdf)                    size: 95920 bytes
(epstopdf)             Command: <epstopdf --outfile=./figures/./Results/GPS_vs_
GPS+Cam/elevation_comparison-eps-converted-to.pdf ./figures/./Results/GPS_vs_GP
S+Cam/elevation_comparison.eps>
(epstopdf)             \includegraphics on input line 34.
Package epstopdf Info: Output file is already uptodate.

<./figures/./Results/GPS_vs_GPS+Cam/elevation_comparison-eps-converted-to.pdf, 
id=724, 1180.41pt x 586.19pt>
File: ./figures/./Results/GPS_vs_GPS+Cam/elevation_comparison-eps-converted-to.
pdf Graphic file (type pdf)

<use ./figures/./Results/GPS_vs_GPS+Cam/elevation_comparison-eps-converted-to.p
df>
Package pdftex.def Info: ./figures/./Results/GPS_vs_GPS+Cam/elevation_compariso
n-eps-converted-to.pdf used on input line 34.
(pdftex.def)             Requested size: 472.15564pt x 234.47185pt.

Overfull \hbox (38.53561pt too wide) in paragraph at lines 34--35
 [][] 
 []

[39 <./figures/./Results/GPS_vs_GPS+Cam/east_comparison-eps-converted-to.pdf> <
./figures/./Results/GPS_vs_GPS+Cam/azimuth_comparison-eps-converted-to.pdf>]
[40 <./figures/./Results/GPS_vs_GPS+Cam/elevation_comparison-eps-converted-to.p
df>]
Package epstopdf Info: Source file: <./figures/./Results/EKF_vs_DEKF/uav_trajec
tory.eps>
(epstopdf)                    date: 2014-11-06 00:39:44
(epstopdf)                    size: 86482 bytes
(epstopdf)             Output file: <./figures/./Results/EKF_vs_DEKF/uav_trajec
tory-eps-converted-to.pdf>
(epstopdf)                    date: 2014-11-06 00:53:58
(epstopdf)                    size: 26533 bytes
(epstopdf)             Command: <epstopdf --outfile=./figures/./Results/EKF_vs_
DEKF/uav_trajectory-eps-converted-to.pdf ./figures/./Results/EKF_vs_DEKF/uav_tr
ajectory.eps>
(epstopdf)             \includegraphics on input line 45.
Package epstopdf Info: Output file is already uptodate.

<./figures/./Results/EKF_vs_DEKF/uav_trajectory-eps-converted-to.pdf, id=763, 8
23.075pt x 575.14874pt>
File: ./figures/./Results/EKF_vs_DEKF/uav_trajectory-eps-converted-to.pdf Graph
ic file (type pdf)

<use ./figures/./Results/EKF_vs_DEKF/uav_trajectory-eps-converted-to.pdf>
Package pdftex.def Info: ./figures/./Results/EKF_vs_DEKF/uav_trajectory-eps-con
verted-to.pdf used on input line 45.
(pdftex.def)             Requested size: 452.69264pt x 316.33278pt.

Overfull \hbox (19.07262pt too wide) in paragraph at lines 45--46
 [][] 
 []

Package epstopdf Info: Source file: <./figures/./Results/EKF_vs_DEKF/north_erro
r_comparison.eps>
(epstopdf)                    date: 2014-11-06 00:43:16
(epstopdf)                    size: 283148 bytes
(epstopdf)             Output file: <./figures/./Results/EKF_vs_DEKF/north_erro
r_comparison-eps-converted-to.pdf>
(epstopdf)                    date: 2014-11-06 00:53:58
(epstopdf)                    size: 115181 bytes
(epstopdf)             Command: <epstopdf --outfile=./figures/./Results/EKF_vs_
DEKF/north_error_comparison-eps-converted-to.pdf ./figures/./Results/EKF_vs_DEK
F/north_error_comparison.eps>
(epstopdf)             \includegraphics on input line 51.
Package epstopdf Info: Output file is already uptodate.

<./figures/./Results/EKF_vs_DEKF/north_error_comparison-eps-converted-to.pdf, i
d=764, 823.075pt x 575.14874pt>
File: ./figures/./Results/EKF_vs_DEKF/north_error_comparison-eps-converted-to.p
df Graphic file (type pdf)

<use ./figures/./Results/EKF_vs_DEKF/north_error_comparison-eps-converted-to.pd
f>
Package pdftex.def Info: ./figures/./Results/EKF_vs_DEKF/north_error_comparison
-eps-converted-to.pdf used on input line 51.
(pdftex.def)             Requested size: 329.22417pt x 230.05542pt.
 [41 <./figures/./Results/EKF_vs_DEKF/uav_trajectory-eps-converted-to.pdf>]
Package epstopdf Info: Source file: <./figures/./Results/EKF_vs_DEKF/east_error
_comparison.eps>
(epstopdf)                    date: 2014-11-06 00:47:06
(epstopdf)                    size: 277396 bytes
(epstopdf)             Output file: <./figures/./Results/EKF_vs_DEKF/east_error
_comparison-eps-converted-to.pdf>
(epstopdf)                    date: 2014-11-06 00:54:00
(epstopdf)                    size: 113106 bytes
(epstopdf)             Command: <epstopdf --outfile=./figures/./Results/EKF_vs_
DEKF/east_error_comparison-eps-converted-to.pdf ./figures/./Results/EKF_vs_DEKF
/east_error_comparison.eps>
(epstopdf)             \includegraphics on input line 57.
Package epstopdf Info: Output file is already uptodate.

<./figures/./Results/EKF_vs_DEKF/east_error_comparison-eps-converted-to.pdf, id
=775, 823.075pt x 575.14874pt>
File: ./figures/./Results/EKF_vs_DEKF/east_error_comparison-eps-converted-to.pd
f Graphic file (type pdf)

<use ./figures/./Results/EKF_vs_DEKF/east_error_comparison-eps-converted-to.pdf
>
Package pdftex.def Info: ./figures/./Results/EKF_vs_DEKF/east_error_comparison-
eps-converted-to.pdf used on input line 57.
(pdftex.def)             Requested size: 329.22417pt x 230.05542pt.
Package epstopdf Info: Source file: <./figures/./Results/EKF_vs_DEKF/azimuth_er
ror_comparison.eps>
(epstopdf)                    date: 2014-11-06 00:49:28
(epstopdf)                    size: 157666 bytes
(epstopdf)             Output file: <./figures/./Results/EKF_vs_DEKF/azimuth_er
ror_comparison-eps-converted-to.pdf>
(epstopdf)                    date: 2014-11-06 00:54:00
(epstopdf)                    size: 86223 bytes
(epstopdf)             Command: <epstopdf --outfile=./figures/./Results/EKF_vs_
DEKF/azimuth_error_comparison-eps-converted-to.pdf ./figures/./Results/EKF_vs_D
EKF/azimuth_error_comparison.eps>
(epstopdf)             \includegraphics on input line 63.
Package epstopdf Info: Output file is already uptodate.

<./figures/./Results/EKF_vs_DEKF/azimuth_error_comparison-eps-converted-to.pdf,
 id=776, 823.075pt x 575.14874pt>
File: ./figures/./Results/EKF_vs_DEKF/azimuth_error_comparison-eps-converted-to
.pdf Graphic file (type pdf)

<use ./figures/./Results/EKF_vs_DEKF/azimuth_error_comparison-eps-converted-to.
pdf>
Package pdftex.def Info: ./figures/./Results/EKF_vs_DEKF/azimuth_error_comparis
on-eps-converted-to.pdf used on input line 63.
(pdftex.def)             Requested size: 329.22417pt x 230.05542pt.
 [42 <./figures/./Results/EKF_vs_DEKF/north_error_comparison-eps-converted-to.p
df> <./figures/./Results/EKF_vs_DEKF/east_error_comparison-eps-converted-to.pdf
>]
Package epstopdf Info: Source file: <./figures/./Results/EKF_vs_DEKF/elevation_
error_comparison.eps>
(epstopdf)                    date: 2014-11-06 00:51:18
(epstopdf)                    size: 158671 bytes
(epstopdf)             Output file: <./figures/./Results/EKF_vs_DEKF/elevation_
error_comparison-eps-converted-to.pdf>
(epstopdf)                    date: 2014-11-06 00:54:00
(epstopdf)                    size: 86376 bytes
(epstopdf)             Command: <epstopdf --outfile=./figures/./Results/EKF_vs_
DEKF/elevation_error_comparison-eps-converted-to.pdf ./figures/./Results/EKF_vs
_DEKF/elevation_error_comparison.eps>
(epstopdf)             \includegraphics on input line 69.
Package epstopdf Info: Output file is already uptodate.

<./figures/./Results/EKF_vs_DEKF/elevation_error_comparison-eps-converted-to.pd
f, id=811, 823.075pt x 575.14874pt>
File: ./figures/./Results/EKF_vs_DEKF/elevation_error_comparison-eps-converted-
to.pdf Graphic file (type pdf)

<use ./figures/./Results/EKF_vs_DEKF/elevation_error_comparison-eps-converted-t
o.pdf>
Package pdftex.def Info: ./figures/./Results/EKF_vs_DEKF/elevation_error_compar
ison-eps-converted-to.pdf used on input line 69.
(pdftex.def)             Requested size: 329.22417pt x 230.05542pt.
 [43 <./figures/./Results/EKF_vs_DEKF/azimuth_error_comparison-eps-converted-to
.pdf> <./figures/./Results/EKF_vs_DEKF/elevation_error_comparison-eps-converted
-to.pdf>]
Package epstopdf Info: Source file: <./figures/./Results/Delay_Comparison/uav_t
rajectory.eps>
(epstopdf)                    date: 2014-11-06 00:05:42
(epstopdf)                    size: 98657 bytes
(epstopdf)             Output file: <./figures/./Results/Delay_Comparison/uav_t
rajectory-eps-converted-to.pdf>
(epstopdf)                    date: 2014-11-06 00:53:56
(epstopdf)                    size: 33088 bytes
(epstopdf)             Command: <epstopdf --outfile=./figures/./Results/Delay_C
omparison/uav_trajectory-eps-converted-to.pdf ./figures/./Results/Delay_Compari
son/uav_trajectory.eps>
(epstopdf)             \includegraphics on input line 80.
Package epstopdf Info: Output file is already uptodate.

<./figures/./Results/Delay_Comparison/uav_trajectory-eps-converted-to.pdf, id=8
30, 823.075pt x 575.14874pt>
File: ./figures/./Results/Delay_Comparison/uav_trajectory-eps-converted-to.pdf 
Graphic file (type pdf)

<use ./figures/./Results/Delay_Comparison/uav_trajectory-eps-converted-to.pdf>
Package pdftex.def Info: ./figures/./Results/Delay_Comparison/uav_trajectory-ep
s-converted-to.pdf used on input line 80.
(pdftex.def)             Requested size: 452.69264pt x 316.33278pt.

Overfull \hbox (19.07262pt too wide) in paragraph at lines 80--81
 [][] 
 []

Package epstopdf Info: Source file: <./figures/./Results/Delay_Comparison/north
_error_comparison.eps>
(epstopdf)                    date: 2014-11-06 00:10:18
(epstopdf)                    size: 400891 bytes
(epstopdf)             Output file: <./figures/./Results/Delay_Comparison/north
_error_comparison-eps-converted-to.pdf>
(epstopdf)                    date: 2014-11-06 00:53:56
(epstopdf)                    size: 200924 bytes
(epstopdf)             Command: <epstopdf --outfile=./figures/./Results/Delay_C
omparison/north_error_comparison-eps-converted-to.pdf ./figures/./Results/Delay
_Comparison/north_error_comparison.eps>
(epstopdf)             \includegraphics on input line 86.
Package epstopdf Info: Output file is already uptodate.

<./figures/./Results/Delay_Comparison/north_error_comparison-eps-converted-to.p
df, id=831, 823.075pt x 575.14874pt>
File: ./figures/./Results/Delay_Comparison/north_error_comparison-eps-converted
-to.pdf Graphic file (type pdf)

<use ./figures/./Results/Delay_Comparison/north_error_comparison-eps-converted-
to.pdf>
Package pdftex.def Info: ./figures/./Results/Delay_Comparison/north_error_compa
rison-eps-converted-to.pdf used on input line 86.
(pdftex.def)             Requested size: 329.22417pt x 230.05542pt.
Package epstopdf Info: Source file: <./figures/./Results/Delay_Comparison/east_
error_comparison.eps>
(epstopdf)                    date: 2014-11-06 00:13:54
(epstopdf)                    size: 390730 bytes
(epstopdf)             Output file: <./figures/./Results/Delay_Comparison/east_
error_comparison-eps-converted-to.pdf>
(epstopdf)                    date: 2014-11-06 00:53:56
(epstopdf)                    size: 193408 bytes
(epstopdf)             Command: <epstopdf --outfile=./figures/./Results/Delay_C
omparison/east_error_comparison-eps-converted-to.pdf ./figures/./Results/Delay_
Comparison/east_error_comparison.eps>
(epstopdf)             \includegraphics on input line 91.
Package epstopdf Info: Output file is already uptodate.

<./figures/./Results/Delay_Comparison/east_error_comparison-eps-converted-to.pd
f, id=832, 823.075pt x 575.14874pt>
File: ./figures/./Results/Delay_Comparison/east_error_comparison-eps-converted-
to.pdf Graphic file (type pdf)

<use ./figures/./Results/Delay_Comparison/east_error_comparison-eps-converted-t
o.pdf>
Package pdftex.def Info: ./figures/./Results/Delay_Comparison/east_error_compar
ison-eps-converted-to.pdf used on input line 91.
(pdftex.def)             Requested size: 329.22417pt x 230.05542pt.
 [44 <./figures/./Results/Delay_Comparison/uav_trajectory-eps-converted-to.pdf>
]
Package epstopdf Info: Source file: <./figures/./Results/Delay_Comparison/azimu
th_error_comparison.eps>
(epstopdf)                    date: 2014-11-06 00:18:08
(epstopdf)                    size: 276460 bytes
(epstopdf)             Output file: <./figures/./Results/Delay_Comparison/azimu
th_error_comparison-eps-converted-to.pdf>
(epstopdf)                    date: 2014-11-06 00:53:58
(epstopdf)                    size: 170842 bytes
(epstopdf)             Command: <epstopdf --outfile=./figures/./Results/Delay_C
omparison/azimuth_error_comparison-eps-converted-to.pdf ./figures/./Results/Del
ay_Comparison/azimuth_error_comparison.eps>
(epstopdf)             \includegraphics on input line 97.
Package epstopdf Info: Output file is already uptodate.

<./figures/./Results/Delay_Comparison/azimuth_error_comparison-eps-converted-to
.pdf, id=844, 823.075pt x 575.14874pt>
File: ./figures/./Results/Delay_Comparison/azimuth_error_comparison-eps-convert
ed-to.pdf Graphic file (type pdf)

<use ./figures/./Results/Delay_Comparison/azimuth_error_comparison-eps-converte
d-to.pdf>
Package pdftex.def Info: ./figures/./Results/Delay_Comparison/azimuth_error_com
parison-eps-converted-to.pdf used on input line 97.
(pdftex.def)             Requested size: 329.22417pt x 230.05542pt.
 [45 <./figures/./Results/Delay_Comparison/north_error_comparison-eps-converted
-to.pdf> <./figures/./Results/Delay_Comparison/east_error_comparison-eps-conver
ted-to.pdf>]
Package epstopdf Info: Source file: <./figures/./Results/Delay_Comparison/eleva
tion_error_comparison.eps>
(epstopdf)                    date: 2014-11-06 00:22:08
(epstopdf)                    size: 281993 bytes
(epstopdf)             Output file: <./figures/./Results/Delay_Comparison/eleva
tion_error_comparison-eps-converted-to.pdf>
(epstopdf)                    date: 2014-11-06 00:53:58
(epstopdf)                    size: 173420 bytes
(epstopdf)             Command: <epstopdf --outfile=./figures/./Results/Delay_C
omparison/elevation_error_comparison-eps-converted-to.pdf ./figures/./Results/D
elay_Comparison/elevation_error_comparison.eps>
(epstopdf)             \includegraphics on input line 103.
Package epstopdf Info: Output file is already uptodate.

<./figures/./Results/Delay_Comparison/elevation_error_comparison-eps-converted-
to.pdf, id=880, 823.075pt x 575.14874pt>
File: ./figures/./Results/Delay_Comparison/elevation_error_comparison-eps-conve
rted-to.pdf Graphic file (type pdf)

<use ./figures/./Results/Delay_Comparison/elevation_error_comparison-eps-conver
ted-to.pdf>
Package pdftex.def Info: ./figures/./Results/Delay_Comparison/elevation_error_c
omparison-eps-converted-to.pdf used on input line 103.
(pdftex.def)             Requested size: 329.22417pt x 230.05542pt.
) [46 <./figures/./Results/Delay_Comparison/azimuth_error_comparison-eps-conver
ted-to.pdf> <./figures/./Results/Delay_Comparison/elevation_error_comparison-ep
s-converted-to.pdf>]
\openout2 = `discussion.aux'.


No file discussion.tex.
\openout2 = `CONCLUSION.aux'.

(CONCLUSION.tex
CHAPTER 5.

Underfull \hbox (badness 10000) in paragraph at lines 13--17

 []

[47





]) [48] (thesis.bbl
Missing character: There is no  in font cmr10!
Missing character: There is no  in font cmr10!
Missing character: There is no  in font cmr10!
 [49


]
Missing character: There is no  in font cmr10!
Missing character: There is no  in font cmr10!
Missing character: There is no  in font cmr10!

Underfull \hbox (badness 10000) in paragraph at lines 132--137
\OT1/cmr/m/n/10.95 GPS : +Essentials + of + Satellite + Navigation\OMS/cmsy/m/n
/10.95 f\OT1/cmr/m/n/10.95 # [] 0http : / / scholar . google . com / scholar ?
 []

) [50] [51]
Package atveryend Info: Empty hook `BeforeClearDocument' on input line 137.
Package atveryend Info: Empty hook `AfterLastShipout' on input line 137.
 (thesis.aux (abstract.aux) (publicabstract.aux) (dedication.aux)
(acknowl.aux) (acronyms.aux) (INTRODUCTION.aux) (background.aux) (SENSORS.aux)
(SIMULATION.aux) (RESULTS.aux) (discussion.aux) (CONCLUSION.aux))
Package atveryend Info: Executing hook `AtVeryEndDocument' on input line 137.
Package atveryend Info: Executing hook `AtEndAfterFileList' on input line 137.
Package rerunfilecheck Info: File `thesis.out' has not changed.
(rerunfilecheck)             Checksum: 8C20544881ABC5EB5E9AD13A962A33DB;2477.
Package atveryend Info: Empty hook `AtVeryVeryEnd' on input line 137.
 ) 
Here is how much of TeX's memory you used:
 40853 strings out of 493333
 998944 string characters out of 3139194
 1332150 words of memory out of 3000000
 43353 multiletter control sequences out of 15000+200000
 11404 words of font info for 42 fonts, out of 3000000 for 9000
 1141 hyphenation exceptions out of 8191
 62i,21n,96p,3688b,609s stack positions out of 5000i,500n,10000p,200000b,50000s
<C:/Program Files/MiKTeX 2.9/fonts/type1/public/amsfonts/cm/cmbx10.pfb><C:/Pr
ogram Files/MiKTeX 2.9/fonts/type1/public/amsfonts/cm/cmex10.pfb><C:/Program Fi
les/MiKTeX 2.9/fonts/type1/public/amsfonts/cm/cmmi10.pfb><C:/Program Files/MiKT
eX 2.9/fonts/type1/public/amsfonts/cm/cmmi6.pfb><C:/Program Files/MiKTeX 2.9/fo
nts/type1/public/amsfonts/cm/cmmi8.pfb><C:/Program Files/MiKTeX 2.9/fonts/type1
/public/amsfonts/cm/cmmib10.pfb><C:/Program Files/MiKTeX 2.9/fonts/type1/public
/amsfonts/cmextra/cmmib8.pfb><C:/Program Files/MiKTeX 2.9/fonts/type1/public/am
sfonts/cm/cmr10.pfb><C:/Program Files/MiKTeX 2.9/fonts/type1/public/amsfonts/cm
/cmr6.pfb><C:/Program Files/MiKTeX 2.9/fonts/type1/public/amsfonts/cm/cmr8.pfb>
<C:/Program Files/MiKTeX 2.9/fonts/type1/public/amsfonts/cm/cmsy10.pfb><C:/Prog
ram Files/MiKTeX 2.9/fonts/type1/public/amsfonts/cm/cmsy6.pfb><C:/Program Files
/MiKTeX 2.9/fonts/type1/public/amsfonts/cm/cmsy8.pfb><C:/Program Files/MiKTeX 2
.9/fonts/type1/public/amsfonts/cm/cmti10.pfb><C:/Program Files/MiKTeX 2.9/fonts
/type1/public/amsfonts/symbols/msam10.pfb><C:/Program Files/MiKTeX 2.9/fonts/ty
pe1/public/amsfonts/symbols/msbm10.pfb>
Output written on thesis.pdf (61 pages, 2401657 bytes).
PDF statistics:
 1038 PDF objects out of 1200 (max. 8388607)
 209 named destinations out of 1000 (max. 500000)
 409 words of extra memory for PDF output out of 10000 (max. 10000000)

