\BOOKMARK [0][-]{Doc-Start}{ABSTRACT}{}% 1
\BOOKMARK [0][-]{Doc-Start}{PUBLIC ABSTRACT}{}% 2
\BOOKMARK [0][-]{chapter*.1}{ACKNOWLEDGMENTS}{}% 3
\BOOKMARK [0][-]{chapter*.3}{LIST OF FIGURES}{}% 4
\BOOKMARK [0][-]{chapter*.4}{ACRONYMS}{}% 5
\BOOKMARK [0][-]{chapter.1}{INTRODUCTION}{}% 6
\BOOKMARK [1][-]{section.1.1}{Background}{chapter.1}% 7
\BOOKMARK [1][-]{section.1.2}{Contributions}{chapter.1}% 8
\BOOKMARK [1][-]{section.1.3}{Literature Review}{chapter.1}% 9
\BOOKMARK [0][-]{chapter.2}{SENSORS AND KALMAN FILTERS}{}% 10
\BOOKMARK [1][-]{section.2.1}{Aircraft Dynamics}{chapter.2}% 11
\BOOKMARK [1][-]{section.2.2}{Global Positioning System}{chapter.2}% 12
\BOOKMARK [2][-]{subsection.2.2.1}{GPS Measurement Error Model}{section.2.2}% 13
\BOOKMARK [2][-]{subsection.2.2.2}{GPS Smoothing}{section.2.2}% 14
\BOOKMARK [1][-]{section.2.3}{Camera}{chapter.2}% 15
\BOOKMARK [2][-]{subsection.2.3.1}{Gimbal and Camera Frames and Projective Geometry}{section.2.3}% 16
\BOOKMARK [2][-]{subsection.2.3.2}{Camera Model}{section.2.3}% 17
\BOOKMARK [2][-]{subsection.2.3.3}{Gimbal Pointing}{section.2.3}% 18
\BOOKMARK [2][-]{subsection.2.3.4}{Geolocation}{section.2.3}% 19
\BOOKMARK [1][-]{section.2.4}{Kalman filter}{chapter.2}% 20
\BOOKMARK [2][-]{subsection.2.4.1}{Discrete Kalman filter}{section.2.4}% 21
\BOOKMARK [2][-]{subsection.2.4.2}{Extended Kalman filter}{section.2.4}% 22
\BOOKMARK [2][-]{subsection.2.4.3}{Delayed Extended Kalman filter}{section.2.4}% 23
\BOOKMARK [0][-]{chapter.3}{SIMULATION}{}% 24
\BOOKMARK [1][-]{section.3.1}{Simulation Overview}{chapter.3}% 25
\BOOKMARK [1][-]{section.3.2}{Antenna Pointer}{chapter.3}% 26
\BOOKMARK [2][-]{subsection.3.2.1}{GPS}{section.3.2}% 27
\BOOKMARK [2][-]{subsection.3.2.2}{Camera}{section.3.2}% 28
\BOOKMARK [2][-]{subsection.3.2.3}{EKF/DEKF}{section.3.2}% 29
\BOOKMARK [2][-]{subsection.3.2.4}{Pointer}{section.3.2}% 30
\BOOKMARK [1][-]{section.3.3}{3-D Plot}{chapter.3}% 31
\BOOKMARK [0][-]{chapter.4}{RESULTS}{}% 32
\BOOKMARK [1][-]{section.4.1}{Comparison of Estimations Between GPS and GPS Coupled with Camera}{chapter.4}% 33
\BOOKMARK [1][-]{section.4.2}{Comparison of Estimation Accuracy for EKF and DEKF with 0.75 s Random Delay}{chapter.4}% 34
\BOOKMARK [1][-]{section.4.3}{Comparison of Estimation Accuracy Between No delay, 0.25 s, 0.50 s, and 0.75 s Random Delays}{chapter.4}% 35
\BOOKMARK [0][-]{chapter.5}{CONCLUSION}{}% 36
\BOOKMARK [0][-]{section.5.1}{REFERENCES}{}% 37
